<?xml version="1.0" encoding="UTF-8"?>
<!-- Generated by org.testng.reporters.JUnitReportReporter -->
<testsuite hostname="DESKTOP-KSLA0T9" failures="0" tests="1" name="testNGWork.REDiffPage" time="37.096" errors="0" timestamp="2021-04-27T22:02:11 IST" skipped="0">
  <testcase classname="testNGWork.REDiffPage" name="rediffFunction" time="37.096"/>
  <system-out/>
</testsuite> <!-- testNGWork.REDiffPage -->
