<?xml version="1.0" encoding="UTF-8"?>
<!-- Generated by org.testng.reporters.JUnitReportReporter -->
<testsuite hostname="DESKTOP-KSLA0T9" failures="0" tests="1" name="Amazon.ScrollDownAmazonPage" time="19.745" errors="0" timestamp="2021-04-29T19:39:08 IST" skipped="0">
  <testcase classname="Amazon.ScrollDownAmazonPage" name="scroll" time="19.745"/>
  <system-out>
We are on the jobs page   </system-out>
</testsuite> <!-- Amazon.ScrollDownAmazonPage -->
