<?xml version="1.0" encoding="UTF-8"?>
<!-- Generated by org.testng.reporters.JUnitReportReporter -->
<testsuite hostname="DESKTOP-KSLA0T9" failures="0" tests="3" name="testNGWork.Demo1" time="0.016" errors="0" timestamp="2021-04-27T20:04:51 IST" skipped="0">
  <testcase classname="testNGWork.Demo1" name="FundTransfer" time="0.008"/>
  <system-out>
Transferring  </system-out>
  <testcase classname="testNGWork.Demo1" name="Ccbillpayment" time="0.003"/>
  <system-out>
credit card bill payment  </system-out>
  <testcase classname="testNGWork.Demo1" name="Utilitybillpayment" time="0.005"/>
  <system-out/>
</testsuite> <!-- testNGWork.Demo1 -->
