<?xml version="1.0" encoding="UTF-8"?>
<!-- Generated by org.testng.reporters.JUnitReportReporter -->
<testsuite hostname="DESKTOP-KSLA0T9" failures="0" tests="1" name="test.qa.automation.WorkingwithHiddenPopup" time="35.766" errors="0" timestamp="2021-04-29T12:02:46 IST" skipped="0">
  <testcase classname="test.qa.automation.WorkingwithHiddenPopup" name="setup" time="35.766"/>
  <system-out/>
</testsuite> <!-- test.qa.automation.WorkingwithHiddenPopup -->
