<?xml version="1.0" encoding="UTF-8"?>
<!-- Generated by org.testng.reporters.JUnitReportReporter -->
<testsuite hostname="DESKTOP-KSLA0T9" failures="0" tests="1" name="testNGWork.CaseStudyGeneral" time="33.155" errors="0" timestamp="2021-04-27T20:56:43 IST" skipped="0">
  <testcase classname="testNGWork.CaseStudyGeneral" name="CreateAccount" time="33.155"/>
  <system-out/>
</testsuite> <!-- testNGWork.CaseStudyGeneral -->
