<?xml version="1.0" encoding="UTF-8"?>
<!-- Generated by org.testng.reporters.JUnitReportReporter -->
<testsuite hostname="DESKTOP-KSLA0T9" failures="0" tests="1" name="testNGWork.casestudy1" time="2.201" errors="0" timestamp="2021-04-27T20:48:50 IST" skipped="0">
  <testcase classname="testNGWork.casestudy1" name="CreateAccount" time="2.201"/>
  <system-out/>
</testsuite> <!-- testNGWork.casestudy1 -->
