<?xml version="1.0" encoding="UTF-8"?>
<!-- Generated by org.testng.reporters.JUnitReportReporter -->
<testsuite hostname="DESKTOP-KSLA0T9" failures="0" tests="7" name="testNGWork.Demo2" time="0.028" errors="0" timestamp="2021-04-27T20:21:17 IST" skipped="1">
  <testcase classname="testNGWork.Demo2" name="FundTransfer" time="0.009"/>
  <system-out>
Transferring  </system-out>
  <testcase classname="testNGWork.Demo2" name="Ccbillpayment" time="0.003"/>
  <system-out>
credit card bill payment  </system-out>
  <testcase classname="testNGWork.Demo2" name="Ccbillpayment" time="0.004"/>
  <system-out>
credit card bill payment  </system-out>
  <testcase classname="testNGWork.Demo2" name="Ccbillpayment" time="0.005"/>
  <system-out>
credit card bill payment  </system-out>
  <testcase classname="testNGWork.Demo2" name="BikeInsurance" time="0.003"/>
  <system-out>
 BIKE Insurance  </system-out>
  <testcase classname="testNGWork.Demo2" name="CarInsurance" time="0.004"/>
  <system-out>
 CAR Insurance  </system-out>
  <testcase classname="testNGWork.Demo2" name="Utilitybillpayment">
    <skipped/>
  </testcase> <!-- Utilitybillpayment -->
  <system-out/>
</testsuite> <!-- testNGWork.Demo2 -->
