<?xml version="1.0" encoding="UTF-8"?>
<!-- Generated by org.testng.reporters.JUnitReportReporter -->
<testsuite hostname="DESKTOP-KSLA0T9" failures="0" tests="2" name="AmazonEndTOEnd.Amazonpage1" time="65.241" errors="0" timestamp="2021-05-05T12:45:02 IST" skipped="0">
  <testcase classname="AmazonEndTOEnd.Amazonpage1" name="searchItem" time="32.007"/>
  <system-out/>
  <testcase classname="AmazonEndTOEnd.Amazonpage1" name="searchItem" time="33.234"/>
  <system-out/>
</testsuite> <!-- AmazonEndTOEnd.Amazonpage1 -->
