<?xml version="1.0" encoding="UTF-8"?>
<!-- Generated by org.testng.reporters.JUnitReportReporter -->
<testsuite hostname="DESKTOP-KSLA0T9" failures="1" tests="4" name="AmazonEndTOEnd.Amazon_TC_001" time="42.112" errors="0" timestamp="2021-05-03T14:56:52 IST" skipped="0">
  <testcase classname="AmazonEndTOEnd.Amazon_TC_001" name="searchItem" time="18.548"/>
  <system-out>
        Careers
Blog
About Amazon
Investor Relations
Amazon Devices
Amazon Tours Sell products on Amazon
Sell on Amazon Business
Sell apps on Amazon
Become an Affiliate
Advertise Your Products
Self-Publish with Us
Host an Amazon Hub
›See More Make Money with Us Amazon Business Card
Shop with Points
Reload Your Balance
Amazon Currency Converter Amazon and COVID-19
Your Account
Your Orders
Shipping Rates & Policies
Returns & Replacements
Manage Your Content and Devices
Amazon Assistant
Help Conditions of UsePrivacy NoticeInterest-Based Ads  </system-out>
  <testcase classname="AmazonEndTOEnd.Amazon_TC_001" name="searchItem" time="3.381">
    <failure message="expected [true] but found [false]" type="java.lang.AssertionError">
      <![CDATA[java.lang.AssertionError: expected [true] but found [false]
at org.testng.Assert.fail(Assert.java:99)
at org.testng.Assert.failNotEquals(Assert.java:1037)
at org.testng.Assert.assertTrue(Assert.java:45)
at org.testng.Assert.assertTrue(Assert.java:55)
at AmazonEndTOEnd.Amazon_TC_001.searchItem(Amazon_TC_001.java:58)
at java.base/jdk.internal.reflect.NativeMethodAccessorImpl.invoke0(Native Method)
at java.base/jdk.internal.reflect.NativeMethodAccessorImpl.invoke(NativeMethodAccessorImpl.java:64)
at java.base/jdk.internal.reflect.DelegatingMethodAccessorImpl.invoke(DelegatingMethodAccessorImpl.java:43)
at java.base/java.lang.reflect.Method.invoke(Method.java:564)
at org.testng.internal.MethodInvocationHelper.invokeMethod(MethodInvocationHelper.java:132)
at org.testng.internal.TestInvoker.invokeMethod(TestInvoker.java:599)
at org.testng.internal.TestInvoker.invokeTestMethod(TestInvoker.java:174)
at org.testng.internal.MethodRunner.runInSequence(MethodRunner.java:46)
at org.testng.internal.TestInvoker$MethodInvocationAgent.invoke(TestInvoker.java:822)
at org.testng.internal.TestInvoker.invokeTestMethods(TestInvoker.java:147)
at org.testng.internal.TestMethodWorker.invokeTestMethods(TestMethodWorker.java:146)
at org.testng.internal.TestMethodWorker.run(TestMethodWorker.java:128)
at java.base/java.util.ArrayList.forEach(ArrayList.java:1511)
at org.testng.TestRunner.privateRun(TestRunner.java:764)
at org.testng.TestRunner.run(TestRunner.java:585)
at org.testng.SuiteRunner.runTest(SuiteRunner.java:384)
at org.testng.SuiteRunner.runSequentially(SuiteRunner.java:378)
at org.testng.SuiteRunner.privateRun(SuiteRunner.java:337)
at org.testng.SuiteRunner.run(SuiteRunner.java:286)
at org.testng.SuiteRunnerWorker.runSuite(SuiteRunnerWorker.java:53)
at org.testng.SuiteRunnerWorker.run(SuiteRunnerWorker.java:96)
at org.testng.TestNG.runSuitesSequentially(TestNG.java:1218)
at org.testng.TestNG.runSuitesLocally(TestNG.java:1140)
at org.testng.TestNG.runSuites(TestNG.java:1069)
at org.testng.TestNG.run(TestNG.java:1037)
at org.testng.remote.AbstractRemoteTestNG.run(AbstractRemoteTestNG.java:115)
at org.testng.remote.RemoteTestNG.initAndRun(RemoteTestNG.java:251)
at org.testng.remote.RemoteTestNG.main(RemoteTestNG.java:77)
]]>
    </failure>
  </testcase> <!-- searchItem -->
  <system-out>
←Previous
1
2
3
...
7
Next→ Nursery Mobiles
Decorative Mobiles
Outdoor Décor
Cell Phones
Cell Phone Accessories
Electronics
Books
Crafts & Hobbies
Crib Bedding
See All 39 Departments  & Up
& Up
& Up
& Up Samsung Electronics
Simple Mobile
Tiny Love
SAMSUNG
Lambs & Ivy
Flensted Mobiles
The Peanutshell Under $25
$25 to $50
$50 to $100
$100 to $200
$200 & Above
$
$
Go Fabric
Metal
Plastic
Wood Ceiling Mounted
Crib Mounted
Wall Mounted  Animal Print
Floral
Geometric
Patchwork
Polka Dot
See more  Boys
Girls
Unisex Our Brands Frustration-Free Packaging New
Used Include Out of Stock Careers
Blog
About Amazon
Investor Relations
Amazon Devices
Amazon Tours Sell products on Amazon
Sell on Amazon Business
Sell apps on Amazon
Become an Affiliate
Advertise Your Products
Self-Publish with Us
Host an Amazon Hub
›See More Make Money with Us Amazon Business Card
Shop with Points
Reload Your Balance
Amazon Currency Converter Amazon and COVID-19
Your Account
Your Orders
Shipping Rates & Policies
Returns & Replacements
Manage Your Content and Devices
Amazon Assistant
Help Conditions of UsePrivacy NoticeInterest-Based Ads  </system-out>
  <testcase classname="AmazonEndTOEnd.Amazon_TC_001" name="Amazon" time="19.890"/>
  <system-out/>
  <testcase classname="AmazonEndTOEnd.Amazon_TC_001" name="checknoofElements" time="0.293"/>
  <system-out>
hidden hidden hidden hidden hidden hidden hidden hidden hidden hidden hidden  </system-out>
</testsuite> <!-- AmazonEndTOEnd.Amazon_TC_001 -->
