<?xml version="1.0" encoding="UTF-8"?>
<!-- Generated by org.testng.reporters.JUnitReportReporter -->
<testsuite hostname="DESKTOP-KSLA0T9" failures="0" tests="2" name="AmazonEndTOEnd.Amazonpage1" time="72.366" errors="0" timestamp="2021-05-05T14:01:34 IST" skipped="0">
  <testcase classname="AmazonEndTOEnd.Amazonpage1" name="searchItem" time="42.527"/>
  <system-out/>
  <testcase classname="AmazonEndTOEnd.Amazonpage1" name="searchItem" time="29.839"/>
  <system-out/>
</testsuite> <!-- AmazonEndTOEnd.Amazonpage1 -->
